<?xml version="1.0" encoding="utf-8"?><testsuites name="pytest tests"><testsuite name="pytest" errors="0" failures="1" skipped="0" tests="29" time="62.763" timestamp="2026-03-19T07:23:25.700148+00:00" hostname="agent-env-d0078a53-990b-4bd9-a46e-e577fcee56ba"><testcase classname="backend.tests.test_conversation_history.TestHealth" name="test_health_endpoint" time="0.169" /><testcase classname="backend.tests.test_conversation_history.TestConversationAnalyze" name="test_analyze_creates_entry" time="11.326" /><testcase classname="backend.tests.test_conversation_history.TestConversationAnalyze" name="test_analyze_analysis_has_required_fields" time="10.873" /><testcase classname="backend.tests.test_conversation_history.TestConversationAnalyze" name="test_analyze_empty_text_rejected" time="7.604" /><testcase classname="backend.tests.test_conversation_history.TestConversationHistory" name="test_history_returns_200" time="0.058" /><testcase classname="backend.tests.test_conversation_history.TestConversationHistory" name="test_history_items_have_required_fields" time="0.054" /><testcase classname="backend.tests.test_conversation_history.TestConversationHistory" name="test_history_limit_param" time="0.050" /><testcase classname="backend.tests.test_conversation_history.TestConversationHistory" name="test_history_cursor_pagination" time="0.105" /><testcase classname="backend.tests.test_conversation_history.TestConversationHistory" name="test_history_invalid_cursor_returns_400" time="0.053" /><testcase classname="backend.tests.test_conversation_history.TestConversationHistory" name="test_history_analyze_then_appears_in_history" time="9.358" /><testcase classname="backend.tests.test_conversation_history.TestConversationDetail" name="test_detail_returns_correct_entry" time="0.066" /><testcase classname="backend.tests.test_conversation_history.TestConversationDetail" name="test_detail_analysis_structure" time="0.055" /><testcase classname="backend.tests.test_conversation_history.TestConversationDetail" name="test_detail_not_found_returns_404" time="0.052" /><testcase classname="backend.tests.test_conversation_history.TestConversationDetail" name="test_detail_matches_history_item" time="0.101" /><testcase classname="backend.tests.test_settings_and_models.TestHealthAndModel" name="test_health_returns_200" time="0.237" /><testcase classname="backend.tests.test_settings_and_models.TestHealthAndModel" name="test_health_preferred_model_is_anthropic" time="0.053" /><testcase classname="backend.tests.test_settings_and_models.TestUserSettingsGet" name="test_get_settings_returns_200" time="0.051" /><testcase classname="backend.tests.test_settings_and_models.TestUserSettingsGet" name="test_get_settings_has_all_required_fields" time="0.052" /><testcase classname="backend.tests.test_settings_and_models.TestUserSettingsGet" name="test_get_settings_default_model_is_claude" time="0.050"><failure message="AssertionError: Expected claude-4-sonnet-20250514, got: gpt-5.2&#10;assert 'gpt-5.2' == 'claude-4-sonnet-20250514'&#10;  &#10;  - claude-4-sonnet-20250514&#10;  + gpt-5.2">backend/tests/test_settings_and_models.py:74: in test_get_settings_default_model_is_claude
    assert data["llm_model"] == "claude-4-sonnet-20250514", (
E   AssertionError: Expected claude-4-sonnet-20250514, got: gpt-5.2
E   assert 'gpt-5.2' == 'claude-4-sonnet-20250514'
E     
E     - claude-4-sonnet-20250514
E     + gpt-5.2</failure></testcase><testcase classname="backend.tests.test_settings_and_models.TestUserSettingsGet" name="test_get_settings_default_values" time="0.051" /><testcase classname="backend.tests.test_settings_and_models.TestUserSettingsGet" name="test_get_settings_nonexistent_user_returns_404" time="0.051" /><testcase classname="backend.tests.test_settings_and_models.TestUserSettingsPut" name="test_put_settings_returns_200" time="0.051" /><testcase classname="backend.tests.test_settings_and_models.TestUserSettingsPut" name="test_put_settings_updates_language" time="0.053" /><testcase classname="backend.tests.test_settings_and_models.TestUserSettingsPut" name="test_put_settings_updates_risk_threshold" time="0.106" /><testcase classname="backend.tests.test_settings_and_models.TestUserSettingsPut" name="test_put_settings_updates_daily_reminder" time="0.131" /><testcase classname="backend.tests.test_settings_and_models.TestUserSettingsPut" name="test_put_settings_nonexistent_user_returns_404" time="0.060" /><testcase classname="backend.tests.test_settings_and_models.TestUserSettingsPut" name="test_put_settings_updates_crisis_threshold" time="0.101" /><testcase classname="backend.tests.test_settings_and_models.TestConversationAnalyzeProvider" name="test_analyze_returns_200" time="10.551" /><testcase classname="backend.tests.test_settings_and_models.TestConversationAnalyzeProvider" name="test_analyze_returns_proper_analysis" time="11.111" /></testsuite></testsuites>