<?xml version="1.0" encoding="utf-8"?><testsuites name="pytest tests"><testsuite name="pytest" errors="0" failures="0" skipped="0" tests="14" time="23.958" timestamp="2026-03-19T06:53:25.285704+00:00" hostname="agent-env-d0078a53-990b-4bd9-a46e-e577fcee56ba"><testcase classname="backend.tests.test_conversation_history.TestHealth" name="test_health_endpoint" time="0.257" /><testcase classname="backend.tests.test_conversation_history.TestConversationAnalyze" name="test_analyze_creates_entry" time="7.861" /><testcase classname="backend.tests.test_conversation_history.TestConversationAnalyze" name="test_analyze_analysis_has_required_fields" time="6.585" /><testcase classname="backend.tests.test_conversation_history.TestConversationAnalyze" name="test_analyze_empty_text_rejected" time="4.432" /><testcase classname="backend.tests.test_conversation_history.TestConversationHistory" name="test_history_returns_200" time="0.054" /><testcase classname="backend.tests.test_conversation_history.TestConversationHistory" name="test_history_items_have_required_fields" time="0.051" /><testcase classname="backend.tests.test_conversation_history.TestConversationHistory" name="test_history_limit_param" time="0.053" /><testcase classname="backend.tests.test_conversation_history.TestConversationHistory" name="test_history_cursor_pagination" time="0.105" /><testcase classname="backend.tests.test_conversation_history.TestConversationHistory" name="test_history_invalid_cursor_returns_400" time="0.055" /><testcase classname="backend.tests.test_conversation_history.TestConversationHistory" name="test_history_analyze_then_appears_in_history" time="4.038" /><testcase classname="backend.tests.test_conversation_history.TestConversationDetail" name="test_detail_returns_correct_entry" time="0.061" /><testcase classname="backend.tests.test_conversation_history.TestConversationDetail" name="test_detail_analysis_structure" time="0.053" /><testcase classname="backend.tests.test_conversation_history.TestConversationDetail" name="test_detail_not_found_returns_404" time="0.057" /><testcase classname="backend.tests.test_conversation_history.TestConversationDetail" name="test_detail_matches_history_item" time="0.104" /></testsuite></testsuites>