<?xml version="1.0" encoding="utf-8"?><testsuites name="pytest tests"><testsuite name="pytest" errors="0" failures="0" skipped="0" tests="15" time="23.949" timestamp="2026-03-19T07:17:46.993825+00:00" hostname="agent-env-d0078a53-990b-4bd9-a46e-e577fcee56ba"><testcase classname="backend.tests.test_settings_and_models.TestHealthAndModel" name="test_health_returns_200" time="0.248" /><testcase classname="backend.tests.test_settings_and_models.TestHealthAndModel" name="test_health_preferred_model_is_anthropic" time="0.061" /><testcase classname="backend.tests.test_settings_and_models.TestUserSettingsGet" name="test_get_settings_returns_200" time="0.058" /><testcase classname="backend.tests.test_settings_and_models.TestUserSettingsGet" name="test_get_settings_has_all_required_fields" time="0.058" /><testcase classname="backend.tests.test_settings_and_models.TestUserSettingsGet" name="test_get_settings_default_model_is_claude" time="0.055" /><testcase classname="backend.tests.test_settings_and_models.TestUserSettingsGet" name="test_get_settings_default_values" time="0.052" /><testcase classname="backend.tests.test_settings_and_models.TestUserSettingsGet" name="test_get_settings_nonexistent_user_returns_404" time="0.054" /><testcase classname="backend.tests.test_settings_and_models.TestUserSettingsPut" name="test_put_settings_returns_200" time="0.053" /><testcase classname="backend.tests.test_settings_and_models.TestUserSettingsPut" name="test_put_settings_updates_language" time="0.056" /><testcase classname="backend.tests.test_settings_and_models.TestUserSettingsPut" name="test_put_settings_updates_risk_threshold" time="0.109" /><testcase classname="backend.tests.test_settings_and_models.TestUserSettingsPut" name="test_put_settings_updates_daily_reminder" time="0.103" /><testcase classname="backend.tests.test_settings_and_models.TestUserSettingsPut" name="test_put_settings_nonexistent_user_returns_404" time="0.051" /><testcase classname="backend.tests.test_settings_and_models.TestUserSettingsPut" name="test_put_settings_updates_crisis_threshold" time="0.108" /><testcase classname="backend.tests.test_settings_and_models.TestConversationAnalyzeProvider" name="test_analyze_returns_200" time="12.490" /><testcase classname="backend.tests.test_settings_and_models.TestConversationAnalyzeProvider" name="test_analyze_returns_proper_analysis" time="10.284" /></testsuite></testsuites>