<?xml version="1.0" encoding="utf-8"?><testsuites name="pytest tests"><testsuite name="pytest" errors="0" failures="0" skipped="0" tests="6" time="26.516" timestamp="2026-03-19T08:14:14.180701+00:00" hostname="agent-env-d0078a53-990b-4bd9-a46e-e577fcee56ba"><testcase classname="backend.tests.test_stt.TestSTTTranscribe" name="test_no_file_returns_422" time="0.252" /><testcase classname="backend.tests.test_stt.TestSTTTranscribe" name="test_valid_wav_returns_200_and_schema" time="7.483" /><testcase classname="backend.tests.test_stt.TestSTTTranscribe" name="test_tone_wav_returns_200" time="0.808" /><testcase classname="backend.tests.test_stt.TestSTTTranscribe" name="test_non_audio_file_returns_error" time="5.295" /><testcase classname="backend.tests.test_stt.TestSTTTranscribe" name="test_model_field_is_whisper_1" time="5.379" /><testcase classname="backend.tests.test_stt.TestSTTTranscribe" name="test_text_field_is_string" time="7.213" /></testsuite></testsuites>